  *******************************************
  *                                         *
  *        W E L C O M E  to  R O O T       *
  *                                         *
  *   Version   5.34/23   7 November 2014   *
  *                                         *
  *  You are welcome to visit our Web site  *
  *          http://root.cern.ch            *
  *                                         *
  *******************************************

ROOT 5.34/23 (v5-34-23@v5-34-23, Nov 07 2014, 15:13:40 on linuxx8664gcc)

CINT/ROOT C/C++ Interpreter version 5.18.00, July 2, 2010
Type ? for help. Commands must be C++ statements.
Enclose multiple statements between { }.

Processing BF.C("mul",1,1,2,2,false,0)...
Info in <TCanvas::MakeDefCanvas>:  created default TCanvas with name c1

--------------------------
ratio r^i = zdcw / vpdx
--------------------------

checking matx...
computing r^i for each run and bXing...
computing sigma functions...
fit_result.zdcw.vpdx.root created
